[    0.000000] Initializing cgroup subsys cpuset
[    0.000000] Initializing cgroup subsys cpu
[    0.000000] Initializing cgroup subsys cpuacct
[    0.000000] Linux version 4.4.0-104-generic (buildd@lgw01-amd64-022) (gcc version 5.4.0 20160609 (Ubuntu 5.4.0-6ubuntu1~16.04.5) ) #127-Ubuntu SMP Mon Dec 11 12:16:42 UTC 2017 (Ubuntu 4.4.0-104.127-generic 4.4.98)
[    0.000000] Command line: BOOT_IMAGE=/boot/vmlinuz-4.4.0-104-generic root=LABEL=cloudimg-rootfs ro console=tty1 console=ttyS0
[    0.000000] KERNEL supported cpus:
[    0.000000]   Intel GenuineIntel
[    0.000000]   AMD AuthenticAMD
[    0.000000]   Centaur CentaurHauls
[    0.000000] x86/fpu: xstate_offset[2]:  576, xstate_sizes[2]:  256
[    0.000000] x86/fpu: Supporting XSAVE feature 0x01: 'x87 floating point registers'
[    0.000000] x86/fpu: Supporting XSAVE feature 0x02: 'SSE registers'
[    0.000000] x86/fpu: Supporting XSAVE feature 0x04: 'AVX registers'
[    0.000000] x86/fpu: Enabled xstate features 0x7, context size is 832 bytes, using 'standard' format.
[    0.000000] x86/fpu: Using 'lazy' FPU context switches.
[    0.000000] e820: BIOS-provided physical RAM map:
[    0.000000] BIOS-e820: [mem 0x0000000000000000-0x000000000009fbff] usable
[    0.000000] BIOS-e820: [mem 0x000000000009fc00-0x000000000009ffff] reserved
[    0.000000] BIOS-e820: [mem 0x00000000000f0000-0x00000000000fffff] reserved
[    0.000000] BIOS-e820: [mem 0x0000000000100000-0x000000003ffeffff] usable
[    0.000000] BIOS-e820: [mem 0x000000003fff0000-0x000000003fffffff] ACPI data
[    0.000000] BIOS-e820: [mem 0x00000000fec00000-0x00000000fec00fff] reserved
[    0.000000] BIOS-e820: [mem 0x00000000fee00000-0x00000000fee00fff] reserved
[    0.000000] BIOS-e820: [mem 0x00000000fffc0000-0x00000000ffffffff] reserved
[    0.000000] NX (Execute Disable) protection: active
[    0.000000] SMBIOS 2.5 present.
[    0.000000] Hypervisor detected: KVM
[    0.000000] e820: last_pfn = 0x3fff0 max_arch_pfn = 0x400000000
[    0.000000] MTRR: Disabled
[    0.000000] x86/PAT: MTRRs disabled, skipping PAT initialization too.
[    0.000000] CPU MTRRs all blank - virtualized system.
[    0.000000] x86/PAT: Configuration [0-7]: WB  WT  UC- UC  WB  WT  UC- UC  
[    0.000000] found SMP MP-table at [mem 0x0009fff0-0x0009ffff] mapped at [ffff88000009fff0]
[    0.000000] Scanning 1 areas for low memory corruption
[    0.000000] RAMDISK: [mem 0x36adc000-0x37565fff]
[    0.000000] ACPI: Early table checksum verification disabled
[    0.000000] ACPI: RSDP 0x00000000000E0000 000024 (v02 VBOX  )
[    0.000000] ACPI: XSDT 0x000000003FFF0030 00003C (v01 VBOX   VBOXXSDT 00000001 ASL  00000061)
[    0.000000] ACPI: FACP 0x000000003FFF00F0 0000F4 (v04 VBOX   VBOXFACP 00000001 ASL  00000061)
[    0.000000] ACPI: DSDT 0x000000003FFF0470 0021FF (v02 VBOX   VBOXBIOS 00000002 INTL 20100528)
[    0.000000] ACPI: FACS 0x000000003FFF0200 000040
[    0.000000] ACPI: FACS 0x000000003FFF0200 000040
[    0.000000] ACPI: APIC 0x000000003FFF0240 00005C (v02 VBOX   VBOXAPIC 00000001 ASL  00000061)
[    0.000000] ACPI: SSDT 0x000000003FFF02A0 0001CC (v01 VBOX   VBOXCPUT 00000002 INTL 20100528)
[    0.000000] No NUMA configuration found
[    0.000000] Faking a node at [mem 0x0000000000000000-0x000000003ffeffff]
[    0.000000] NODE_DATA(0) allocated [mem 0x3ffeb000-0x3ffeffff]
[    0.000000] kvm-clock: Using msrs 4b564d01 and 4b564d00
[    0.000000] kvm-clock: cpu 0, msr 0:3ffe3001, primary cpu clock
[    0.000000] kvm-clock: using sched offset of 2950921788 cycles
[    0.000000] clocksource: kvm-clock: mask: 0xffffffffffffffff max_cycles: 0x1cd42e4dffb, max_idle_ns: 881590591483 ns
[    0.000000] Zone ranges:
[    0.000000]   DMA      [mem 0x0000000000001000-0x0000000000ffffff]
[    0.000000]   DMA32    [mem 0x0000000001000000-0x000000003ffeffff]
[    0.000000]   Normal   empty
[    0.000000]   Device   empty
[    0.000000] Movable zone start for each node
[    0.000000] Early memory node ranges
[    0.000000]   node   0: [mem 0x0000000000001000-0x000000000009efff]
[    0.000000]   node   0: [mem 0x0000000000100000-0x000000003ffeffff]
[    0.000000] Initmem setup node 0 [mem 0x0000000000001000-0x000000003ffeffff]
[    0.000000] ACPI: PM-Timer IO Port: 0x4008
[    0.000000] IOAPIC[0]: apic_id 2, version 32, address 0xfec00000, GSI 0-23
[    0.000000] ACPI: INT_SRC_OVR (bus 0 bus_irq 0 global_irq 2 dfl dfl)
[    0.000000] ACPI: INT_SRC_OVR (bus 0 bus_irq 9 global_irq 9 high level)
[    0.000000] Using ACPI (MADT) for SMP configuration information
[    0.000000] smpboot: Allowing 2 CPUs, 0 hotplug CPUs
[    0.000000] PM: Registered nosave memory: [mem 0x00000000-0x00000fff]
[    0.000000] PM: Registered nosave memory: [mem 0x0009f000-0x0009ffff]
[    0.000000] PM: Registered nosave memory: [mem 0x000a0000-0x000effff]
[    0.000000] PM: Registered nosave memory: [mem 0x000f0000-0x000fffff]
[    0.000000] e820: [mem 0x40000000-0xfebfffff] available for PCI devices
[    0.000000] Booting paravirtualized kernel on KVM
[    0.000000] clocksource: refined-jiffies: mask: 0xffffffff max_cycles: 0xffffffff, max_idle_ns: 7645519600211568 ns
[    0.000000] setup_percpu: NR_CPUS:512 nr_cpumask_bits:512 nr_cpu_ids:2 nr_node_ids:1
[    0.000000] PERCPU: Embedded 33 pages/cpu @ffff88003fc00000 s98200 r8192 d28776 u1048576
[    0.000000] PV qspinlock hash table entries: 256 (order: 0, 4096 bytes)
[    0.000000] Built 1 zonelists in Node order, mobility grouping on.  Total pages: 257913
[    0.000000] Policy zone: DMA32
[    0.000000] Kernel command line: BOOT_IMAGE=/boot/vmlinuz-4.4.0-104-generic root=LABEL=cloudimg-rootfs ro console=tty1 console=ttyS0
[    0.000000] PID hash table entries: 4096 (order: 3, 32768 bytes)
[    0.000000] Memory: 1001780K/1048120K available (8485K kernel code, 1295K rwdata, 3988K rodata, 1492K init, 1316K bss, 46340K reserved, 0K cma-reserved)
[    0.000000] SLUB: HWalign=64, Order=0-3, MinObjects=0, CPUs=2, Nodes=1
[    0.000000] Hierarchical RCU implementation.
[    0.000000] 	Build-time adjustment of leaf fanout to 64.
[    0.000000] 	RCU restricting CPUs from NR_CPUS=512 to nr_cpu_ids=2.
[    0.000000] RCU: Adjusting geometry for rcu_fanout_leaf=64, nr_cpu_ids=2
[    0.000000] NR_IRQS:33024 nr_irqs:440 16
[    0.000000] Console: colour VGA+ 80x25
[    0.000000] console [tty1] enabled
[    0.000000] console [ttyS0] enabled
[    0.000000] tsc: Detected 2194.918 MHz processor
[   13.663436] Calibrating delay loop (skipped) preset value.. 4389.83 BogoMIPS (lpj=8779672)
[   13.664890] pid_max: default: 32768 minimum: 301
[   13.686061] ACPI: Core revision 20150930
[   13.766262] ACPI: 2 ACPI AML tables successfully acquired and loaded
[   13.893698] Security Framework initialized
[   13.993456] Yama: becoming mindful.
[   14.079522] AppArmor: AppArmor initialized
[   14.189511] Dentry cache hash table entries: 131072 (order: 8, 1048576 bytes)
[   14.374664] Inode-cache hash table entries: 65536 (order: 7, 524288 bytes)
[   14.516329] Mount-cache hash table entries: 2048 (order: 2, 16384 bytes)
[   14.642141] Mountpoint-cache hash table entries: 2048 (order: 2, 16384 bytes)
[   14.726474] Initializing cgroup subsys io
[   14.804378] Initializing cgroup subsys memory
[   14.916535] Initializing cgroup subsys devices
[   15.030382] Initializing cgroup subsys freezer
[   15.156228] Initializing cgroup subsys net_cls
[   15.243732] Initializing cgroup subsys perf_event
[   15.340972] Initializing cgroup subsys net_prio
[   15.431035] Initializing cgroup subsys hugetlb
[   15.507063] Initializing cgroup subsys pids
[   15.585321] CPU: Physical Processor ID: 0
[   15.635992] CPU: Processor Core ID: 0
[   15.637641] mce: CPU supports 0 MCE banks
[   15.699541] Last level iTLB entries: 4KB 1024, 2MB 1024, 4MB 1024
[   15.774233] Last level dTLB entries: 4KB 1024, 2MB 1024, 4MB 1024, 1GB 4
[   15.859908] Freeing SMP alternatives memory: 32K
[   15.986697] ftrace: allocating 32158 entries in 126 pages
[   16.136846] smpboot: APIC(0) Converting physical 0 to logical package 0
[   16.206027] smpboot: Max logical packages: 1
[   16.262528] x2apic enabled
[   16.295461] Switched APIC routing to physical x2apic.
[   16.397096] ..TIMER: vector=0x30 apic1=0 pin1=2 apic2=-1 pin2=-1
[   16.586110] smpboot: CPU0: Intel(R) Core(TM) i7-4770HQ CPU @ 2.20GHz (family: 0x6, model: 0x46, stepping: 0x1)
[   16.739985] Performance Events: unsupported p6 CPU model 70 no PMU driver, software events only.
[   16.883282] KVM setup paravirtual spinlock
[   16.924247] x86: Booting SMP configuration:
[   17.023602] .... node  #0, CPUs:      #1
[   17.090049] kvm-clock: cpu 1, msr 0:3ffe3041, secondary cpu clock
[   17.154628] mce: CPU supports 0 MCE banks
[   17.263778] x86: Booted up 1 node, 2 CPUs
[   17.357343] smpboot: Total of 2 processors activated (8779.67 BogoMIPS)
[   17.526647] devtmpfs: initialized
[   17.607855] evm: security.selinux
[   17.703707] evm: security.SMACK64
[   17.776421] evm: security.SMACK64EXEC
[   17.841249] evm: security.SMACK64TRANSMUTE
[   17.841970] evm: security.SMACK64MMAP
[   17.918267] evm: security.ima
[   17.966857] evm: security.capability
[   17.993524] clocksource: jiffies: mask: 0xffffffff max_cycles: 0xffffffff, max_idle_ns: 7645041785100000 ns
[   18.174586] futex hash table entries: 512 (order: 3, 32768 bytes)
[   18.323914] pinctrl core: initialized pinctrl subsystem
[   18.473434] RTC time: 14:39:19, date: 12/28/17
[   18.596739] NET: Registered protocol family 16
[   18.711422] cpuidle: using governor ladder
[   18.810691] cpuidle: using governor menu
[   18.893383] PCCT header not found.
[   18.989971] ACPI: bus type PCI registered
[   19.069948] acpiphp: ACPI Hot Plug PCI Controller Driver version: 0.5
[   19.109996] PCI: Using configuration type 1 for base access
[   19.215906] ACPI: Added _OSI(Module Device)
[   19.322859] ACPI: Added _OSI(Processor Device)
[   19.444222] ACPI: Added _OSI(3.0 _SCP Extensions)
[   19.556931] ACPI: Added _OSI(Processor Aggregator Device)
[   19.696717] ACPI: Executed 1 blocks of module-level executable AML code
[   19.836736] ACPI: Interpreter enabled
[   19.944330] ACPI: (supports S0 S5)
[   20.036064] ACPI: Using IOAPIC for interrupt routing
[   20.151120] PCI: Using host bridge windows from ACPI; if necessary, use "pci=nocrs" and report a bug
[   20.207628] ACPI: PCI Root Bridge [PCI0] (domain 0000 [bus 00-ff])
[   20.357143] acpi PNP0A03:00: _OSC: OS supports [ASPM ClockPM Segments MSI]
[   20.534649] acpi PNP0A03:00: _OSC: not requesting OS control; OS requires [ExtendedConfig ASPM ClockPM MSI]
[   20.757791] acpi PNP0A03:00: fail to add MMCONFIG information, can't access extended PCI configuration space under this bridge.
[   21.044701] PCI host bridge to bus 0000:00
[   21.135971] pci_bus 0000:00: root bus resource [io  0x0000-0x0cf7 window]
[   21.263915] pci_bus 0000:00: root bus resource [io  0x0d00-0xffff window]
[   21.318869] pci_bus 0000:00: root bus resource [mem 0x000a0000-0x000bffff window]
[   21.526694] pci_bus 0000:00: root bus resource [mem 0x40000000-0xffdfffff window]
[   21.704988] pci_bus 0000:00: root bus resource [bus 00-ff]
[   21.825558] pci 0000:00:01.1: legacy IDE quirk: reg 0x10: [io  0x01f0-0x01f7]
[   21.988341] pci 0000:00:01.1: legacy IDE quirk: reg 0x14: [io  0x03f6]
[   22.033646] pci 0000:00:01.1: legacy IDE quirk: reg 0x18: [io  0x0170-0x0177]
[   22.036207] pci 0000:00:01.1: legacy IDE quirk: reg 0x1c: [io  0x0376]
[   22.222013] pci 0000:00:07.0: quirk: [io  0x4000-0x403f] claimed by PIIX4 ACPI
[   22.363274] pci 0000:00:07.0: quirk: [io  0x4100-0x410f] claimed by PIIX4 SMB
[   22.473243] ACPI: PCI Interrupt Link [LNKA] (IRQs 5 9 10 *11)
[   22.605388] ACPI: PCI Interrupt Link [LNKB] (IRQs 5 9 10 *11)
[   22.727690] ACPI: PCI Interrupt Link [LNKC] (IRQs 5 9 *10 11)
[   22.861486] ACPI: PCI Interrupt Link [LNKD] (IRQs 5 *9 10 11)
[   23.000196] ACPI: Enabled 2 GPEs in block 00 to 07
[   23.119901] vgaarb: setting as boot device: PCI:0000:00:02.0
[   23.270828] vgaarb: device added: PCI:0000:00:02.0,decodes=io+mem,owns=io+mem,locks=none
[   23.366457] vgaarb: loaded
[   23.391162] vgaarb: bridge control possible 0000:00:02.0
[   23.470856] SCSI subsystem initialized
[   23.509575] ACPI: bus type USB registered
[   23.602007] usbcore: registered new interface driver usbfs
[   23.743033] usbcore: registered new interface driver hub
[   23.878888] usbcore: registered new device driver usb
[   24.012583] PCI: Using ACPI for IRQ routing
[   24.128113] NetLabel: Initializing
[   24.211242] NetLabel:  domain hash size = 128
[   24.329164] NetLabel:  protocols = UNLABELED CIPSOv4
[   24.459379] NetLabel:  unlabeled traffic allowed by default
[   24.547493] amd_nb: Cannot enumerate AMD northbridges
[   24.573251] clocksource: Switched to clocksource kvm-clock
[   24.692917] AppArmor: AppArmor Filesystem Enabled
[   24.798796] pnp: PnP ACPI init
[   24.887278] pnp: PnP ACPI: found 3 devices
[   25.004192] clocksource: acpi_pm: mask: 0xffffff max_cycles: 0xffffff, max_idle_ns: 2085701024 ns
[   25.253769] NET: Registered protocol family 2
[   25.383234] TCP established hash table entries: 8192 (order: 4, 65536 bytes)
[   25.555253] TCP bind hash table entries: 8192 (order: 5, 131072 bytes)
[   25.690358] TCP: Hash tables configured (established 8192 bind 8192)
[   25.863906] UDP hash table entries: 512 (order: 2, 16384 bytes)
[   26.032915] UDP-Lite hash table entries: 512 (order: 2, 16384 bytes)
[   26.205269] NET: Registered protocol family 1
[   26.326078] pci 0000:00:00.0: Limiting direct PCI/PCI transfers
[   26.498172] pci 0000:00:01.0: Activating ISA DMA hang workarounds
[   26.678369] Unpacking initramfs...
[   28.353093] Freeing initrd memory: 10792K
[   28.447255] platform rtc_cmos: registered platform RTC device (no PNP device found)
[   28.607104] Scanning for low memory corruption every 60 seconds
[   28.901942] audit: initializing netlink subsys (disabled)
[   28.937312] audit: type=2000 audit(1514471950.157:1): initialized
[   28.965280] Initialise system trusted keyring
[   29.037739] HugeTLB registered 2 MB page size, pre-allocated 0 pages
[   29.290094] zbud: loaded
[   29.395436] VFS:DDisk quotas dquot_6.6.0
[   29.598103] tsc: Refined TSC clocksource calibration: 2194.919 MHz
[   29.787963] clocksource: tsc: mask: 0xffffffffffffffff max_cycles: 0x1fa372fc492, max_idle_ns: 440795285018 ns
[   29.788084] VFS: Dquot-cache hash table entries: 512 (order 0, 4096 bytes)
[   29.788359] squashfs: version 4.0 (2009/01/31) Phillip Lougher
[   30.038263] fuse init (API version 7.23)
[   30.038412] Key type big_key registered
[   30.038433] Allocating IMA MOK and blacklist keyrings.
[   30.038710] Key type asymmetric registered
[   30.038754] Asymmetric key parser 'x509' registered
[   30.038800] Block layer SCSI generic (bsg) driver version 0.4 loaded (major 249)
[   30.038845] io scheduler noop registered
[   30.038848] io scheduler deadline registered (default)
[   30.038887] io scheduler cfq registered
[   30.038997] pci_hotplug: PCI Hot Plug PCI Core version: 0.5
[   30.039002] pciehp: PCI Express Hot PlugCController Driver version: 0.4
[   30.039404] ACPI: AC Adapter [AC] (off-line)
[   30.039456] input: Power Button as /devices/LNXSYSTM:00/LNXPWRBN:00/input/input0
[   30.039458] ACPI: Power Button [PWRF]
[   30.039520] input: Sleep Button as /devices/LNXSYSTM:00/LNXSLPBN:00/input/input1
[   30.039522] ACPI: Sleep Button [SLPF]
[   30.039659] GHES: HEST is not enabled!
[   30.039746] Serial: 8250/16550 driver, 32 ports, IRQ sharing enabled
[   30.080808] 00:02: ttyS0 at I/O 0x3f8 (irq = 4, base_baud = 115200) is a 16550A
[   30.260680] Linux agpgart interface v0.103
[   30.270375] ACPI: Battery Slot [BAT0] (battery present)
[   30.274235] loop: module loaded
[   30.274685] scsi host0: ata_piix

[   30.274734] scsi host1: ata_piix
[   30.274760] ata1: PATA max UDMA/33 cmd 0x1f0 ctl 0x3f6 bmdma 0xd000 irq 14
[   30.274760] ata2: PATA max UDMA/33 cmd 0x170 ctl 0x376 bmdma 0xd008 irq 15
[   30.274824] libphy: Fixed MDIO uus: probed
[   30.274826] tun: Universal TUN/TAP device driver, 1.6
[   30.274826] tun: (C) 1999-2004 Max Krasnyansky <maxk@qualcomm.com>
[   30.275091] PPP generic driver version 2.4.2
[   30.275140] ehci_hcd: USB 2.0 'Enhanced' Host Controller (EHCI) Driver
[   30.275144] ehci-pci: EHCI PCI platform driver
[   30.275158] ehci-platform: EHCI generic platform driver
[   30.275165] ohci_hcd: USB 1.1 'Open' Host Controller (OHCI) Driver
[   30.275168] ohci-pci: OHCI PCI platform driver
[   30.275176] ohci-platform: OHCI generic platform driver
[   30.275182] uhci_hcd: USB Universal Host Controller Interface driver
[   30.275230] i8042: PNP: PS/2 Controller [PNP0303:PS2K,PNP0f03:PS2M] at 0x60,0x64 irq 1,12
[   30.275653] serio: i8042 KBD port at 0x60,0x64 irq 1
[   30.275657] serio: i8042 AUX port at 0x60,0x64 irq 12
[   30.275741] mousedev: PS/2 mouse device common for all mice
[   30.275984] input: AT Translated Set 2 keyboard as /devices/platform/i8042/serio0/input/input2
[   30.276273] rtc_cmos rtc_cmos: rtc core: registered rtc_cmos as rtc0
[   30.276322] rtc_cmos rtc_cmos: alarms up to one day, 114 bytes nvram
[   30.276327] i2c /dev entries driver
[   30.276371] device-mapper: uevent: version 1.0.3
[   30.276414] device-mapper: ioctl: 4.34.0-ioctl (2015-10-28) initialised: dm-devel@redhat.com
[   30.276427] ledtrig-cpu: registered to indicate activity on CPUs
[   30.276854] NET: Registrred protocol family 10
[   30.276982] NET: Registered protocol family 17
[   30.276989] Key type dns_resolver registered
[   30.277100] microcode: CPU0 sig=0x40661, pf=0x40, revision=0x0
[   30.281181] microcode: CPU1 sig=0x40661, pf=0x40, revision=0x0
[   30.281360] microcode: Microcode Update Driver: v2.01 <tigran@aivazian.fsnet.co.uk>, Peter Oruba
[   30.281548] registered taskstats version 1
[   30.281569] Loading compiled-in X.509 certificates
[   30.282272] Loaded X.509 cert 'Build time autogenerated kernel key: 8537ad706776f532219d7336343c968b9f82f7c7'
[   30.282305] zswap: loaded using pool lzo/zbud
[   30.283948] Key type trusted registered
[   30.285911] Key type encrypted registered
[   30.285917] AppArmor: AppArmor sha1 policy hashing enabled
[   30.285919] ima: No TPM chip found, activating TPM-bypass!
[   30.285935] evm: HMAC attrs: 0x1
[   30.286201]   Magic number: 13:758:688
[   30.381166] rtc_cmos rtc_cmos: setting system clock to 2017-12-28 14:39:31 UTC (1514471971)
[   30.381287] BIOS EDD facility v0.16 2004-Jun-25, 0 devices found
[   30.381287] EDD information not available.
[   39.919215] Freeing unused kernel memory: 1492K
[   40.039380] Write protecting the kernel read-only data: 14336k
[   40.202290] Freeing unused kernel memory: 1744K
[   40.325363] Freeing unused kernel memory: 108K
Loading, please [   40.457490] random: systemd-udevd: uninitialized urandom read (16 bytes read, 4 bits of entropy available)
wait...
startin[   40.458106] random: udevadm: uninitialized urandom read (16 bytes read, 4 bits of entropy available)
g version 229
[   40.458120] random: udevadm: uninitialized urandom read (16 bytes read, 4 bits of entropy available)
[   40.463503] random: udevadm: uninitialized urandom read (16 bytes read, 4 bits of entropy available)
[   40.463531] random: udevadm: uninitialized urandom read (16 bytes read, 4 bits of entropy available)
[   40.463622] random: udevadm: uninitialized urandom read (16 bytes read, 4 bits of entropy available)
[   40.463657] random: udevadm: uninitialized urandom read (16 bytes read, 4 bits of entropy available)
[   40.463689] random: udevadm: uninitialized urandom read (16 bytes read, 4 bits of entropy available)
[   40.463723] random: udevadm: uninitialized urandom read (16 bytes read, 4 bits of entropy available)
[   40.463756] random: udevadm: uninitialized urandom read (16 bytes read, 4 bits of entropy available)
[   42.669998] e1000: Intel(R) PRO/1000 Network Driver - version 7.3.21-k8-NAPI
[   42.814673] e1000: Copyright (c) 1999-2006 Intel Corporation.
[   42.932439] Fusion MPT base driver 3.04.20
[   42.959990] Copyright (c) 1999-2008 LSI Corporation
[   43.029751] Fusion MPT SPI Host driver 3.04.20
[   43.062743] mptbase: ioc0: Initiating bringup
[   43.141646] AVX version of gcm_enc/dec engaged.
[   43.195085] AES CTR mode by8 optimization enabled
[   43.317878] ioc0: [   43.334959] input: ImExPS/2 Generic Explorer Mouse as /devices/platform/i8042/serio1/input/input4

[   43.674863] LSI53C1030 A0: Capabilities={Initiator}
[   43.996743] scsi host2: ioc0: LSI53C1030 A0, FwRev=00000000h, Ports=1, MaxQ=256, IRQ=20
[   44.347267] scsi 2:0:0:0: Direct-Access     VBOX     HARDDISK         1.0  PQ: 0 ANSI: 5
[   44.578351] scsi target2:0:0: Beginning Domain Validation
[   44.727704] scsi target2:0:0: Domain Validation skipping write tests
[   44.879155] scsi target2:0:0: Ending Domain Validation
[   45.041168] e1000 0000:00:03.0 eth0: (PCI:33MHz:32-bit) 02:93:06:1c:a6:4f
[   45.041172] e1000 0000:00:03.0 eth0: Intel(R) PRO/1000 Network Connection
[   45.350350] scsi target2:0:0: asynchronous
[   45.361143] scsi 2:0:1:0: Direct-Access     VBOX     HARDDISK         1.0  PQ: 0 ANSI: 5
[   45.391235] e1000 0000:00:08.0 eth1: (PCI:33MHz:32-bit) 08:00:27:3e:55:7d
[   45.391238] e1000 0000:00:08.0 eth1: Intel(R) PRO/1000 Network Connection
[   45.491071] e1000 0000:00:03.0 enp0s3: renamed from eth0
[   45.951982] scsi target2:0:1: Beginning Domain Validation
[   45.952042] floppy0: no floppy controllers found
[   45.952080] work still pending
[   46.267329] scsi target2:0:1: Domain Validation skipping write tests
[   46.308628] scsi target2:0:1: Ending Domain Validation
[   46.364300] scsi target2:0:1: asynchronous
[   46.440462] e1000 0000:00:08.0 enp0s8: renamed from eth1
[   46.499142] sd 2:0:0:0: Attached scsi generic sg0 type 0
[   46.638611] sd 2:0:1:0: Attached scsi generic sg1 type 0
[   46.638780] sd 2:0:0:0: [sda] 20971520 512-byte logical blocks: (10.7 GB/10.0 GiB)
[   46.953753] sd 2:0:1:0: [sdb] 20480 512-byte logical blocks: (10.5 MB/10.0 MiB)
[   47.218493] sd 2:0:0:0: [sda] Write Protect is off
[   47.229686] sd 2:0:1:0: [sdb] Write Protect is off
[   47.229895] sd 2:0:1:0: [sdb] Incomplete mode parameter data
[   47.229896] sd 2:0:1:0: [sdb] Assuming drive cache: write through
[   47.231842] sd 2:0:1:0: [sdb] Attached SCSI disk
[   47.547789] sd 2:0:0:0: [sda] Incomplete mode parameter data
[   47.669213] sd 2:0:0:0: [sda] Assuming drive cache: write through
[   47.805192]  sda: sda1
[   47.866354] sd 2:0:0:0: [sda] Attached SCSI disk
Begin: Loading e[   49.269311] md: linear personality registered for level -1
ssential drivers[   49.435136] md: multipath personality registered for level -4
 ... [   49.539544] md: raid0 personality registered for level 0
[   49.607705] md: raid1 personality registered for level 1
[   49.805664] raid6: sse2x1   gen()  8542 MB/s
[   49.989414] raid6: sse2x1   xor()  6989 MB/s
[   50.202560] raid6: sse2x2   gen() 11150 MB/s
[   50.413699] raid6: sse2x2   xor()  8195 MB/s
[   50.614857] raid6: sse2x4   gen() 13901 MB/s
[   50.814167] raid6: sse2x4   xor() 10291 MB/s
[   50.845055] raid6: using algorithm sse2x4 gen() 13901 MB/s
[   50.866880] raid6: .... xor() 10291 MB/s, rmw enabled
[   50.965280] raid6: using ssse3x2 recovery algorithm
[   51.101374] xor: automatically using best checksumming function:
[   51.297268]    avx       : 22496.000 MB/sec
[   51.407378] async_tx: api initialized (async)
[   51.546461] md: raid6 personality registered for level 6
[   51.664587] md: raid5 personality registered for level 5
[   51.811952] md: raid4 personality registered for level 4
[   51.937987] md: raid10 personality registered for level 10
done.
Begin: Running /scripts/init-pre[   51.989714] Btrfs loaded
mount ... done.
Begin: Mounting root file system ... Begin: Running /scripts/local-top ... done.
Begin: Running /scripts/local-premount ... Scanning for Btrfs filesystems
done.
Warning: fsck no[   52.095487] EXT4-fs (sda1): mounted filesystem with ordered data mode. Opts: (null)
t present, so skipping root file system
done.
Begin: Running /scripts/local-bottom ... done.
Begin: Running /scripts/init-bottom ... done.
[   52.352986] systemd[1]: systemd 229 running in system mode. (+PAM +AUDIT +SELINUX +IMA +APPARMOR +SMACK +SYSVINIT +UTMP +LIBCRYPTSETUP +GCRYPT +GNUTLS +ACL +XZ -LZ4 +SECCOMP +BLKID +ELFUTILS +KMOD -IDN)
[   53.021375] systemd[1]: Detected virtualization oracle.
[   53.046919] systemd[1]: Detected architecture x86-64.

Welcome to [1mUbuntu 16.04.3 LTS[0m!

[   53.158213] systemd[1]: Set hostname to <ubuntu>.
[   53.299065] systemd[1]: Initializing machine ID from random generator.
[   53.453961] systemd[1]: Installed transient /etc/machine-id file.
[   53.687859] systemd[1]: Reached target User and Group Name Lookups.
[[0;32m  OK  [0m] Reached target User and Group Name Lookups.
[   53.886505] systemd[1]: Listening on Device-mapper event daemon FIFOs.
[[0;32m  OK  [0m] Listening on Device-mapper event daemon FIFOs.
[   54.113571] systemd[1]: Started Trigger resolvconf update for networkd DNS.
[[0;32m  OK  [0m] Started Trigger resolvconf update for networkd DNS.
[   54.321880] systemd[1]: Listening on Journal Socket (/dev/log).
[[0;32m  OK  [0m] Listening on Journal Socket (/dev/log).
[   54.550620] systemd[1]: Listening on Journal Audit Socket.
[[0;32m  OK  [0m] Listening on Journal Audit Socket.
[   54.725473] systemd[1]: Listening on udev Kernel Socket.
[[0;32m  OK  [0m] Listening on udev Kernel Socket.
[   54.893706] systemd[1]: Listening on LVM2 metadata daemon socket.
[[0;32m  OK  [0m] Listening on LVM2 metadata daemon socket.
[   55.122190] systemd[1]: Listening on udev Control Socket.
[[0;32m  OK  [0m] Listening on udev Control Socket.
[   55.293732] systemd[1]: Listening on Syslog Socket.
[[0;32m  OK  [0m] Listening on Syslog Socket.
[   55.474202] systemd[1]: Created slice System Slice.
[[0;32m  OK  [0m] Created slice System Slice.
[   55.649912] systemd[1]: Created slice User and Session Slice.
[[0;32m  OK  [0m] Created slice User and Session Slice.
[   55.873829] systemd[1]: Reached target Slices.
[[0;32m  OK  [0m] Reached target Slices.
[   56.042126] systemd[1]: Reached target Encrypted Volumes.
[[0;32m  OK  [0m] Reached target Encrypted Volumes.
[   56.241818] systemd[1]: Listening on /dev/initctl Compatibility Named Pipe.
[[0;32m  OK  [0m] Listening on /dev/initctl Compatibility Named Pipe.
[   56.441903] systemd[1]: Set up automount Arbitrary Executable File Formats File System Automount Point.
[[0;32m  OK  [0m] Set up automount Arbitrary Executab...ats File System Automount Point.
[   56.781934] systemd[1]: Listening on LVM2 poll daemon socket.
[[0;32m  OK  [0m] Listening on LVM2 poll daemon socket.
[   56.993846] systemd[1]: Listening on Journal Socket.
[[0;32m  OK  [0m] Listening on Journal Socket.
[   57.193850] systemd[1]: Starting Uncomplicated firewall...
         Starting Uncomplicated firewall...
[   57.377895] random: nonblocking pool is initialized
[   57.485536] systemd[1]: Starting Nameserver information manager...
         Starting Nameserver information manager...
[   57.705497] systemd[1]: Mounting Debug File System...
         Mounting Debug File System...
[   57.862129] systemd[1]: Mounting POSIX Message Queue File System...
         Mounting POSIX Message Queue File System...
[   58.038711] systemd[1]: Starting Journal Service...
         Starting Journal Service...
[   58.093745] systemd[1]: Starting Set console keymap...
         Starting Set console keymap...
[   58.170796] systemd[1]: Starting Load Kernel Modules...
         [   58.246545] Loading iSCSI transport class v2.0-870.
Starting Load Ke[   58.315117] iscsi: registered transport (tcp)
rnel Modules...
[   58.482520] iscsi: registered transport (iser)
[   58.513506] systemd[1]: Starting Monitoring of LVM2 mirrors, snapshots etc. using dmeventd or progress polling...
         Starting Monitoring of LVM2 mirrors... dmeventd or progress polling...
[   58.789533] systemd[1]: Mounting Huge Pages File System...
         Mounting Huge Pages File System...
[   59.002385] systemd[1]: Starting Create list of required static device nodes for the current kernel...
         Starting Create list of required st... nodes for the current kernel...
[   59.474736] systemd[1]: Reached target Swap.
[[0;32m  OK  [0m] Reached target Swap.
[   59.617446] systemd[1]: Starting Remount Root and Kernel File Systems...
[   59.619680] EXT4-fs (sda1): re-mounted. Opts: (null)
         Starting Remount Root and Kernel File Systems...
[   59.829882] systemd[1]: Started Forward Password Requests to Wall Directory Watch.
[[0;32m  OK  [0m] Started Forward Password Requests to Wall Directory Watch.
[   60.174176] systemd[1]: Created slice system-serial\x2dgetty.slice.
[[0;32m  OK  [0m] Created slice system-serial\x2dgetty.slice.
[   60.503272] systemd[1]: Mounted Huge Pages File System.
[[0;32m  OK  [0m] Mounted Huge Pages File System.
[   60.709504] systemd[1]: Mounted Debug File System.
[[0;32m  OK  [0m] Mounted Debug File System.
[   60.761798] systemd[1]: Mounted POSIX Message Queue File System.
[[0;32m  OK  [0m] Mounted POSIX Message Queue File System.
[   61.041993] systemd[1]: Started Journal Service.
[[0;32m  OK  [0m] Started Journal Service.
[[0;32m  OK  [0m] Started Uncomplicated firewall.
[[0;32m  OK  [0m] Started Set console keymap.
[[0;32m  OK  [0m] Started Load Kernel Modules.
[[0;32m  OK  [0m] Started Create list of required sta...ce nodes for the current kernel.
[[0;32m  OK  [0m] Started Remount Root and Kernel File Systems.
[[0;32m  OK  [0m] Started Nameserver information manager.
[[0;32m  OK  [0m] Started LVM2 metadata daemon.
         Starting udev Coldplug all Devices...
         Starting Load/Save Random Seed...
         Starting Initial cloud-init job (pre-networking)...
         Starting Create Static Device Nodes in /dev...
         Mounting FUSE Control File System...
         Starting Apply Kernel Variables...
         Starting Flush Journal to Persistent Storage...
[[0;32m  OK  [0m] Mounted FUSE Control File System.
[[0;32m  OK  [0m] Started Load/Save Random Seed.
[[0;32m  OK  [0m] Started Create Static Device Nodes in /dev.
[[0;32m  OK  [0m] Started Apply Kernel Variables.
[[0;32m  OK  [0m] Started udev Coldplug all Devices.
[[0;32m  OK  [0m] Started Monitoring of LVM2 mirrors,...ng dmeventd or progress polling.
[[0;32m  OK  [0m] Started Flush Journal to Persistent Storage.
         Starting udev Kernel Device Manager...
[[0;32m  OK  [0m] Started udev Kernel Device Manager.
[[0;32m  OK  [0m] Started Dispatch Password Requests to Console Directory Watch.
[[0;32m  OK  [0m] Reached target Local File Systems (Pre).
[[0;32m  OK  [0m] Reached target Local File Systems.
[   38.459818] cloud-init[455]: Cloud-init v. 17.1 running 'init-local' at Thu, 28 Dec 2017 14:40:03 +0000. Up 38.22 seconds.
         Starting Set console font and keymap...
         Starting Tell Plymouth To Write Out Runtime Data...
         Starting Commit a transient machine-id on disk...
         Starting Create Volatile Files and Directories...
         Starting LSB: AppArmor initialization...
[[0;32m  OK  [0m] Started Set console font and keymap.
[[0;32m  OK  [0m] Started Tell Plymouth To Write Out Runtime Data.
[[0;32m  OK  [0m] Started Commit a transient machine-id on disk.
[[0;32m  OK  [0m] Started Create Volatile Files and Directories.
[[0;32m  OK  [0m] Started Initial cloud-init job (pre-networking).
[[0;32m  OK  [0m] Found device /dev/ttyS0.
[[0;32m  OK  [0m] Listening on Load/Save RF Kill Switch Status /dev/rfkill Watch.
[[0;32m  OK  [0m] Reached target Network (Pre).
[[0;32m  OK  [0m] Reached target System Time Synchronized.
         Starting Update UTMP about System Boot/Shutdown...
[[0;32m  OK  [0m] Created slice system-getty.slice.
[[0;32m  OK  [0m] Started LSB: AppArmor initialization.
[[0;32m  OK  [0m] Started Update UTMP about System Boot/Shutdown.
         Starting Raise network interfaces...
[[0;32m  OK  [0m] Started ifup for enp0s3.
[[0;32m  OK  [0m] Started Raise network interfaces.
         Starting Initial cloud-init job (metadata service crawler)...
[[0;32m  OK  [0m] Reached target Network.
[   42.360941] cloud-init[978]: Cloud-init v. 17.1 running 'init' at Thu, 28 Dec 2017 14:40:06 +0000. Up 41.82 seconds.
[   42.428457] [cloud-init[0;32m  OK  [0m[978]: ] ci-info: +++++++++++++++++++++++++++++++++++++Net device info++++++++++++++++++++++++++++++++++++++Started Initial cloud-init job (metadata service crawler).

[   42.428932] cloud-init[978]: ci-info: +--------+-------+---------------------------+---------------+-------+-------------------+
[[0;32m  OK  [0m] Reached target Cloud-config availability.
[[0;32m  OK  [0m] Reached target System Initialization.
[   42.527904] cloud-init[978]: ci-info: | Device |   Up  |          Address          |      Mask     | Scope |     Hw-Address    |
         Starting LXD - unix socket.
[[0;32m  OK  [0m] Started Timer to automatically refresh installed snaps.
[[0;32m  OK  [0m] Started Daily Cleanup of Temporary Directories.
[   42.650922] cloud-init[978]: ci-info: +--------+-------+---------------------------+---------------+-------+-------------------+
[   42.773826] cloud-init[978]: ci-info: | enp0s3 |  True |         10.0.2.15         | 255.255.255.0 |   .   | 02:93:06:1c:a6:4f |
[   42.828455] cloud-init[978]: ci-info: | enp0s3 |  True | fe80::93:6ff:fe1c:a64f/64 |       .       |  link | 02:93:06:1c:a6:4f |
[   42.896468] cloud-init[978]: ci-info: | enp0s8 | False |             .             |       .       |   .   | 08:00:27:3e:55:7d |
[   42.972289] cloud-init[978]: ci-info: |   lo   |  True |         127.0.0.1         |   255.0.0.0   |   .   |         .         |
[[0;32m  OK  [0m] Listening on D-Bus System Message Bus Socket.
         [   43.047373] cloud-init[978]: ci-info: |   lo   |  True |          ::1/128          |       .       |  host |         .         |
[   43.075793] cloud-init[978]: ci-info: +--------+-------+---------------------------+---------------+-------+-------------------+
[   43.075895] cloud-init[978]: ci-info: +++++++++++++++++++++++++++Route IPv4 info++++++++++++++++++++++++++++
Starting Socket activation for snappy daemon.
[[   43.076303] cloud-init[978]: ci-info: +-------+-------------+----------+---------------+-----------+-------+
[   43.288880] cloud-init[978]: ci-info: | Route | Destination | Gateway  |    Genmask    | Interface | Flags |
[0;32m  OK  [0m] Listening on ACPID Listen Socket.
[   43.288937] cloud-init[978]: ci-info: +-------+-------------+----------+---------------+-----------+-------+
[   43.487564] cloud-init[978]: ci-info: |   0   |   0.0.0.0   | 10.0.2.2 |    0.0.0.0    |   enp0s3  |   UG  |
[   43.487988] cloud-init[978]: ci-info: |   1   |   10.0.2.0  | 0.0.0.0  | 255.255.255.0 |   enp0s3  |   U   |
[[0;32m  OK  [0m] Started ACPI Events Check.
[[   43.488202] cloud-init[978]: ci-info: +-------+-------------+----------+---------------+-----------+-------+
[   43.620727] cloud-init[978]: Generating public/private rsa key pair.
[0;32m  OK  [0m] Reached target Paths.
[   43.620779] cloud-init[978]: Your identification has been saved in /etc/ssh/ssh_host_rsa_key.
[   43.745887] cloud-init[978]: Your public key has been saved in /etc/ssh/ssh_host_rsa_key.pub.
[[0;32m  OK  [0m] Listening on UUID daemon activation socket.
[[   43.746150] cloud-init[978]: The key fingerprint is:
[   43.831920] cloud-init[978]: SHA256:AHJ0vRi5iW0Hbz1zqgvWw5j7pAGyEqyVttiQFK2jr9s root@ubuntu-xenial
[   43.831995] cloud-init[978]: The key's randomart image is:
[   43.832248] cloud-init[978]: +---[RSA 2048]----+
[   43.832363] cloud-init[978]: | .o.+ .o         |
[   43.832487] cloud-init[978]: |  .+ o+ .        |
[   43.832609] cloud-init[978]: | ..  o.B o       |
[   43.832732] cloud-init[978]: |o+ .. *.= + .    |
[   43.832911] cloud-init[978]: |=.* .. oS  =     |
[   43.832996] cloud-init[978]: |oB + . =  .      |
[   43.833111] cloud-init[978]: |+.+   * =.       |
[0;32m  OK  [0m[   43.833253] ] cloud-initReached target Network is Online.[978]: 
| o.  . *..       |
[   43.833288] cloud-init[978]: |ooE   o.o.       |
[   44.188339] cloud-init[978]: +----[SHA256]-----+
[   44.188660] cloud-init[978]: Generating public/private dsa key pair.
         Starting iSCSI initiator daemon (iscsid)...
[[   44.188834] cloud-init[978]: Your identification has been saved in /etc/ssh/ssh_host_dsa_key.
[   44.273162] cloud-init[978]: Your public key has been saved in /etc/ssh/ssh_host_dsa_key.pub.
[0;32m  OK  [0m] Started Daily apt download activities.
[[   44.273237] cloud-init[978]: The key fingerprint is:
[   44.413250] cloud-init[978]: SHA256:HfD6Gs381j6miJZnua/XuwcV9o2fkzhZoFJ+oOamLR8 root@ubuntu-xenial
[0;32m  OK  [0m] Started Daily apt upgrade and clean activities.
[[   44.413328] cloud-init[978]: The key's randomart image is:
[   44.532981] cloud-init[978]: +---[DSA 1024]----+
[0;32m  OK  [0m] Reached target Timers.
[   44.533037] cloud-init[978]: |        .        |
[   44.640372] [cloud-init[0;32m  OK  [0m[978]: ] |         o o . o |Listening on LXD - unix socket.

[[   44.641024] cloud-init[978]: |          * o o.+|
[   44.688731] cloud-init[978]: |         * + ...+|
[0;32m  OK  [0m] Listening on Socket activation for snappy daemon.
[   44.688828] cloud-init[978]: |        S o . +oo|
[   44.761325] cloud-init[978]: |         B   +.+.|
[   44.788272] cloud-init[978]: |        =E=. o...|
[   44.788593] cloud-init[978]: |       oo==oo = .|
[[   44.788703] [0;32m  OK  [0mcloud-init] [978]: Started iSCSI initiator daemon (iscsid).|       .=++*+++= |

[   44.788738] cloud-init[978]: +----[SHA256]-----+
[   44.887755] cloud-init[978]: Generating public/private ecdsa key pair.
[   44.888780] cloud-init[978]: Your identification has been saved in /etc/ssh/ssh_host_ecdsa_key.
[   44.948283] cloud-init[978]: Your public key has been saved in /etc/ssh/ssh_host_ecdsa_key.pub.
[   44.948701] cloud-init[978]: The key fingerprint is:
         Starting Login to default iSCSI targets...
[[   44.948817] [0;32m  OK  [0mcloud-init] [978]: Reached target Sockets.SHA256:kjO2EKDqLYxRwxLaOkPn466CO/93ypjoG6KEVkVX/Hw root@ubuntu-xenial

[   45.124338] cloud-init[978]: The key's randomart image is:
[   45.124659] cloud-init[978]: +---[ECDSA 256]---+
[[0;32m  OK  [0m] Reached target Basic System.
[   45.124758] cloud-init[978]: |. .  . .o.       |
         [   45.250720] Starting LSB: Record successful boot for GRUB...cloud-init
[978]: |.= .. .  .       |
[[   45.316306] cloud-init[978]: |+.=...    o      |
[   45.316731] cloud-init[978]: |o+o... .   o E   |
[0;32m  OK  [0m] Started Deferred execution scheduler.
[   45.316829] cloud-init[978]: |*  +. * S   .    |
         Starting System Logging Service...
[   45.430779] cloud-init[978]: |=++ .o =         |
[   45.504324] [cloud-init[0;32m  OK  [0m[978]: ] |=*.o  .          |Started ACPI event daemon.

[   45.504843] cloud-init[978]: |B.oo +. .        |
[   45.588305]          cloud-initStarting Login Service...[978]: 
|+**++.oo         |
[   45.619829] [[0;32m  OK  [0m] Started Regular background program processing daemon.
[[0;32m  OK  [0m] Started Unattended Upgrades Shutdown.
cloud-init[978]: +----[SHA256]-----+
[   45.648638] [cloud-init[0;32m  OK  [0m[978]: ] Generating public/private ed25519 key pair.Started FUSE filesystem for LXC.

         Starting LXD - container startup/shutdown...
[   45.721559] cloud-init[978]: Your identification has been saved in /etc/ssh/ssh_host_ed25519_key.
[   45.828922]          cloud-initStarting Pollinate to seed the pseudo random number generator...[978]: 
Your public key has been saved in /etc/ssh/ssh_host_ed25519_key.pub.
[   45.920276]          cloud-initStarting Snappy daemon...[978]: 
The key fingerprint is:
[   45.984355] [cloud-init[0;32m  OK  [0m[978]: ] SHA256:P9gBOs4FSNL07M3ieZX9ZYVOwwQ6nmLnI/D25VzRhS4 root@ubuntu-xenialStarted D-Bus System Message Bus.

[   45.984846] cloud-init[978]: The key's randomart image is:
[   46.080416]          cloud-initStarting /etc/rc.local Compatibility...[978]: 
+--[ED25519 256]--+
[   46.124422]          cloud-initStarting LSB: MD monitoring daemon...[978]: 
|  .oo       ...  |
         Starting Accounts Service...
[   46.186565] cloud-init[978]: |   o.+     . o o |
[   46.256333] cloud-init[978]: |    . + . o   * o|
         Starting Apply the settings specified in cloud-config...
[[0;32m  OK  [0m] Started System Logging Service.
[[0;32m  OK  [0m] Started Snappy daemon.
[[0;32m  OK  [0m] Started LXD - container startup/shutdown.
[   46.256824] cloud-init[978]: |     . = o = + oo|
[   46.476386] cloud-init[978]: |      * S B E + +|
[   46.476670] cloud-init[978]: |     + O O . o + |
[[0;32m  OK  [0m] Started Pollinate to seed the pseudo random number generator.
[   46.476802] cloud-init[978]: |      = * * . o  |
[[   46.636605] cloud-init[978]: |       o o * .   |
[   46.637179] cloud-init[978]: |          . o    |
[0;32m  OK  [0m] Started /etc/rc.local Compatibility.
[   46.637275] cloud-init[978]: +----[SHA256]-----+
[[0;32m  OK  [0m] Started LSB: Record successful boot for GRUB.
[   46.728464] cloud-init[1177]: Generating locales (this might take a while)...
[[0;32m  OK  [0m] Started Login to default iSCSI targets.
[[0;32m  OK  [0m] Started LSB: MD monitoring daemon.
[[0;32m  OK  [0m] Started Login Service.
         Starting Authenticate and Authorize Users to Run Privileged Tasks...
[[0;32m  OK  [0m] Reached target Remote File Systems (Pre).
[[0;32m  OK  [0m] Reached target Remote File Systems.
         Starting LSB: VirtualBox Linux Additions...
         Starting Permit User Sessions...
         Starting LSB: daemon to balance interrupts for SMP systems...
         Starting LSB: automatic crash report generation...
         Starting LSB: Set the CPU Frequency Scaling governor to "ondemand"...
         Starting OpenBSD Secure Shell server...
[   47.386448] cloud-init[1177]:   en_US.UTF-8... done
[   47.458300] cloud-init[1177]: Generation complete.
[[0;32m  OK  [0m] Started Permit User Sessions.
[[0;32m  OK  [0m] Started OpenBSD Secure Shell server.
[[0;32m  OK  [0m] Started Authenticate and Authorize Users to Run Privileged Tasks.
[[0;32m  OK  [0m] Started Accounts Service.
[[0;32m  OK  [0m] Started LSB: daemon to balance interrupts for SMP systems.
[[0;32m  OK  [0m] Started LSB: VirtualBox Linux Additions.
[[0;32m  OK  [0m] Started LSB: automatic crash report generation.
         Starting Terminate Plymouth Boot Screen...
         Starting Hold until boot process finishes up...
[[0;32m  OK  [0m] Started LSB: Set the CPU Frequency Scaling governor to "ondemand".
[[0;32m  OK  [0m] Started Terminate Plymouth Boot Screen.
[[0;32m  OK  [0m] Started Hold until boot process finishes up.
         Stopping OpenBSD Secure Shell server...
         Starting Set console scheme...
[[0;32m  OK  [0m] Started Getty on tty1.
[[0;32m  OK  [0m] Started Serial Getty on ttyS0.
[[0;32m  OK  [0m] Reached target Login Prompts.
[[0;32m  OK  [0m] Stopped OpenBSD Secure Shell server.
[[0;32m  OK  [0m] Started Set console scheme.
         Starting OpenBSD Secure Shell server...
[[0;32m  OK  [0m] Started OpenBSD Secure Shell server.
[[0;32m  OK  [0m] Reached target Multi-User System.
[[0;32m  OK  [0m] Reached target Graphical Interface.
         Starting Update UTMP about System Runlevel Changes...
[[0;32m  OK  [0m] Created slice User Slice of ubuntu.
[[0;32m  OK  [0m] Started Update UTMP about System Runlevel Changes.
[   48.514819] cloud-init[1177]: Cloud-init v. 17.1 running 'modules:config' at Thu, 28 Dec 2017 14:40:11 +0000. Up 46.47 seconds.
[[0;32m  OK  [0m] Started Apply the settings specified in cloud-config.
[[0;32m  OK  [0m] Started Session 1 of user ubuntu.
         Starting Execute cloud user/final scripts...
         Starting User Manager for UID 1000...
[[0;32m  OK  [0m] Started User Manager for UID 1000.
ci-info: no authorized ssh keys fingerprints found for user ubuntu.
<14>Dec 28 14:40:14 ec2: 
<14>Dec 28 14:40:14 ec2: #############################################################
<14>Dec 28 14:40:14 ec2: -----BEGIN SSH HOST KEY FINGERPRINTS-----
<14>Dec 28 14:40:14 ec2: 1024 SHA256:HfD6Gs381j6miJZnua/XuwcV9o2fkzhZoFJ+oOamLR8 root@ubuntu-xenial (DSA)
<14>Dec 28 14:40:14 ec2: 256 SHA256:kjO2EKDqLYxRwxLaOkPn466CO/93ypjoG6KEVkVX/Hw root@ubuntu-xenial (ECDSA)
<14>Dec 28 14:40:14 ec2: 256 SHA256:P9gBOs4FSNL07M3ieZX9ZYVOwwQ6nmLnI/D25VzRhS4 root@ubuntu-xenial (ED25519)
<14>Dec 28 14:40:14 ec2: 2048 SHA256:AHJ0vRi5iW0Hbz1zqgvWw5j7pAGyEqyVttiQFK2jr9s root@ubuntu-xenial (RSA)
<14>Dec 28 14:40:14 ec2: -----END SSH HOST KEY FINGERPRINTS-----
<14>Dec 28 14:40:14 ec2: #############################################################
-----BEGIN SSH HOST KEY KEYS-----
ecdsa-sha2-nistp256 AAAAE2VjZHNhLXNoYTItbmlzdHAyNTYAAAAIbmlzdHAyNTYAAABBBHKCul3JMKokTsPKqgjWGtHwVbpzEVjdwaOAHTruQ5PZ1ijtu7SaWY/2hKonvzuhgImptCAFgrUbklXhzohQ/n8= root@ubuntu-xenial
ssh-ed25519 AAAAC3NzaC1lZDI1NTE5AAAAIPuGO59iUX/acGZsKJAVUHd3n4svhQ/+dC9bkGINygsz root@ubuntu-xenial
ssh-rsa AAAAB3NzaC1yc2EAAAADAQABAAABAQDrgtqp5BVw0SmJ67Ks6yaaBcbKPVQplEmGnl8THRXsZRQWn1NcNGBbTA8PnYbKNGDGPKB7yweQzdWLUEgqQ7hIzIvnjrWco1gNqw5Yr1kwhaCUY56s9nAJyUxMJBQ+sQSr2G4qWVCSRZoWA4adC405M8Hg5sNJFSUWN+Oy9gnJtEXlI6cgMphCoArVt703XHMLS3pDCvgI7f1elYSe41XN+HSu+s+DoJ3jPhm0T+suNinZ9mT4syIRnJDXFj6vtRvptjpW/ZnqXdNuXID7t93v4l0O20kEUfJddcRrz2niXyb2fUQbPbyD1I80EArAaHOHSmeqgiJ1ksTZEs9DccrL root@ubuntu-xenial
-----END SSH HOST KEY KEYS-----
         Stopping User Manager for UID 1000...
[[0;32m  OK  [0m] Stopped User Manager for UID 1000.
[[0;32m  OK  [0m] Started Execute cloud user/final scripts.
[   50.055197] cloud-init[1357]: Cloud-init v. 17.1 running 'modules:final' at Thu, 28 Dec 2017 14:40:14 +0000. Up 48.98 seconds.
[[   50.236677] cloud-init[1357]: ci-info: no authorized ssh keys fingerprints found for user ubuntu.
[   50.237081] cloud-init[1357]: Cloud-init v. 17.1 finished at Thu, 28 Dec 2017 14:40:15 +0000. Datasource DataSourceNoCloud [seed=/dev/sdb][dsmode=net].  Up 50.04 seconds
[0;32m  OK  [0m] Removed slice User Slice of ubuntu.
[[0;32m  OK  [0m] Reached target Cloud-init target.

Ubuntu 16.04.3 LTS ubuntu-xenial ttyS0

ubuntu-xenial login: 